<?xml version="1.0" encoding="UTF-8"?>

<beans xmlns="http://www.springframework.org/schema/beans" xmlns:xsi="http://www.w3.org/2001/XMLSchema-instance" xmlns:context="http://www.springframework.org/schema/context"
	xmlns:p="http://www.springframework.org/schema/p" xmlns:aop="http://www.springframework.org/schema/aop"
	xsi:schemaLocation="
		http://www.springframework.org/schema/beans http://www.springframework.org/schema/beans/spring-beans-4.3.xsd
		http://www.springframework.org/schema/context http://www.springframework.org/schema/context/spring-context-4.3.xsd
		http://www.springframework.org/schema/aop http://www.springframework.org/schema/aop/spring-aop-4.3.xsd">

	<bean id="helloWorldService" class="cn.javass.spring.chapter6.service.HelloWorldServiceImpl" />

	<bean id="aspect" class="cn.javass.spring.chapter6.aop.HelloWorldAspect" />

	<aop:config>
		<aop:pointcut id="pointcut" expression="execution(* cn.javass..*.*(..))" />

		<aop:aspect ref="aspect">
			<aop:before pointcut-ref="pointcut" method="beforeAdvice" />
			<aop:after pointcut="execution(* cn.javass..*.*(..))" method="afterFinallyAdvice" />

			<aop:around method="around" pointcut-ref="pointcut" />
		</aop:aspect>
	</aop:config>
</beans>